\BOOKMARK [1][-]{section.1}{\376\377\000G\000i\036\333\000i\000\040\000t\000h\000i\036\307\000u}{}% 1
\BOOKMARK [2][-]{subsection.1.1}{\376\377\000V\000\355\000\040\000d\036\345\000\040\000v\036\301\000\040\000h\000i\036\307\000u\000\040\000s\000u\036\245\000t\000\040\000C\000a\000c\000h\000e}{section.1}% 2
\BOOKMARK [1][-]{section.2}{\376\377\000N\000g\000u\000y\000\352\000n\000\040\000l\000\375\000\040\000C\001\241\000\040\000b\036\243\000n\000\040\000v\000\340\000\040\000C\036\245\000u\000\040\000t\000r\000\372\000c\000\040\000C\000a\000c\000h\000e}{}% 3
\BOOKMARK [2][-]{subsection.2.1}{\376\377\000N\000g\000u\000y\000\352\000n\000\040\000l\000\375\000\040\000C\036\345\000c\000\040\000b\036\331\000\040\000\050\000P\000r\000i\000n\000c\000i\000p\000l\000e\000\040\000o\000f\000\040\000L\000o\000c\000a\000l\000i\000t\000y\000\051}{section.2}% 4
\BOOKMARK [2][-]{subsection.2.2}{\376\377\000P\000h\000\342\000n\000\040\000c\036\245\000p\000\040\000B\036\331\000\040\000n\000h\036\333}{section.2}% 5
\BOOKMARK [2][-]{subsection.2.3}{\376\377\000C\036\245\000u\000\040\000t\000r\000\372\000c\000\040\000c\036\347\000a\000\040\000m\036\331\000t\000\040\000d\000\362\000n\000g\000\040\000C\000a\000c\000h\000e\000\040\000\050\000C\000a\000c\000h\000e\000\040\000L\000i\000n\000e\000\051}{section.2}% 6
\BOOKMARK [1][-]{section.3}{\376\377\000C\000\341\000c\000\040\000P\000h\001\260\001\241\000n\000g\000\040\000p\000h\000\341\000p\000\040\000\301\000n\000h\000\040\000x\036\241\000\040\000C\000a\000c\000h\000e\000\040\000\050\000C\000a\000c\000h\000e\000\040\000M\000a\000p\000p\000i\000n\000g\000\051}{}% 7
\BOOKMARK [2][-]{subsection.3.1}{\376\377\000\301\000n\000h\000\040\000x\036\241\000\040\000T\000r\036\361\000c\000\040\000t\000i\036\277\000p\000\040\000\050\000D\000i\000r\000e\000c\000t\000\040\000M\000a\000p\000p\000e\000d\000\051}{section.3}% 8
\BOOKMARK [2][-]{subsection.3.2}{\376\377\000\301\000n\000h\000\040\000x\036\241\000\040\000T\036\255\000p\000\040\000h\036\343\000p\000\040\000L\000i\000\352\000n\000\040\000k\036\277\000t\000\040\000\050\000S\000e\000t\000\040\000A\000s\000s\000o\000c\000i\000a\000t\000i\000v\000e\000\051}{section.3}% 9
\BOOKMARK [2][-]{subsection.3.3}{\376\377\000\301\000n\000h\000\040\000x\036\241\000\040\000L\000i\000\352\000n\000\040\000k\036\277\000t\000\040\001\020\036\247\000y\000\040\001\021\036\347\000\040\000\050\000F\000u\000l\000l\000y\000\040\000A\000s\000s\000o\000c\000i\000a\000t\000i\000v\000e\000\051}{section.3}% 10
\BOOKMARK [1][-]{section.4}{\376\377\000H\000i\036\307\000u\000\040\000s\000u\036\245\000t\000\040\000v\000\340\000\040\000P\000h\000\342\000n\000\040\000l\000o\036\241\000i\000\040\000L\036\327\000i\000\040\000T\000r\000u\000y\000\040\000c\036\255\000p\000\040\000C\000a\000c\000h\000e}{}% 11
\BOOKMARK [2][-]{subsection.4.1}{\376\377\000A\000M\000A\000T\000:\000\040\000T\000h\036\335\000i\000\040\000g\000i\000a\000n\000\040\000T\000r\000u\000y\000\040\000c\036\255\000p\000\040\000B\036\331\000\040\000n\000h\036\333\000\040\000T\000r\000u\000n\000g\000\040\000b\000\354\000n\000h}{section.4}% 12
\BOOKMARK [2][-]{subsection.4.2}{\376\377\000M\000\364\000\040\000h\000\354\000n\000h\000\040\0003\000C\000:\000\040\000P\000h\000\342\000n\000\040\000l\000o\036\241\000i\000\040\000N\000g\000u\000y\000\352\000n\000\040\000n\000h\000\342\000n\000\040\000L\036\327\000i\000\040\000C\000a\000c\000h\000e}{section.4}% 13
\BOOKMARK [1][-]{section.5}{\376\377\000C\000\341\000c\000\040\000T\000h\000u\036\255\000t\000\040\000t\000o\000\341\000n\000\040\000T\000h\000a\000y\000\040\000t\000h\036\277\000\040\000v\000\340\000\040\000C\000h\000\355\000n\000h\000\040\000s\000\341\000c\000h\000\040\000G\000h\000i}{}% 14
\BOOKMARK [2][-]{subsection.5.1}{\376\377\000T\000h\000u\036\255\000t\000\040\000t\000o\000\341\000n\000\040\000T\000h\000a\000y\000\040\000t\000h\036\277}{section.5}% 15
\BOOKMARK [2][-]{subsection.5.2}{\376\377\000C\000h\000\355\000n\000h\000\040\000s\000\341\000c\000h\000\040\000G\000h\000i\000\040\000D\036\357\000\040\000l\000i\036\307\000u\000\040\000\050\000W\000r\000i\000t\000e\000\040\000P\000o\000l\000i\000c\000y\000\051}{section.5}% 16
\BOOKMARK [3][-]{subsubsection.5.2.1}{\376\377\000W\000r\000i\000t\000e\000-\000t\000h\000r\000o\000u\000g\000h\000\040\000\050\000G\000h\000i\000\040\000X\000u\000y\000\352\000n\000\051}{subsection.5.2}% 17
\BOOKMARK [3][-]{subsubsection.5.2.2}{\376\377\000W\000r\000i\000t\000e\000-\000b\000a\000c\000k\000\040\000\050\000G\000h\000i\000\040\000T\000r\036\243\000\051}{subsection.5.2}% 18
\BOOKMARK [1][-]{section.6}{\376\377\000C\000\341\000c\000\040\000K\036\371\000\040\000t\000h\000u\036\255\000t\000\040\000T\036\321\000i\000\040\001\260\000u\000\040\000h\000\363\000a\000\040\000N\000\342\000n\000g\000\040\000c\000a\000o}{}% 19
\BOOKMARK [2][-]{subsection.6.1}{\376\377\000C\000a\000c\000h\000e\000\040\001\020\000a\000\040\000c\036\245\000p\000\040\000\050\000M\000u\000l\000t\000i\000l\000e\000v\000e\000l\000\040\000C\000a\000c\000h\000e\000s\000\051}{section.6}% 20
\BOOKMARK [2][-]{subsection.6.2}{\376\377\000C\000a\000c\000h\000e\000\040\000K\000h\000\364\000n\000g\000\040\000c\000h\036\267\000n\000\040\000\050\000N\000o\000n\000-\000b\000l\000o\000c\000k\000i\000n\000g\000\040\000C\000a\000c\000h\000e\000\051}{section.6}% 21
\BOOKMARK [2][-]{subsection.6.3}{\376\377\000N\036\241\000p\000\040\000t\000r\001\260\036\333\000c\000\040\000\050\000P\000r\000e\000f\000e\000t\000c\000h\000i\000n\000g\000\051}{section.6}% 22
\BOOKMARK [2][-]{subsection.6.4}{\376\377\000V\000i\000c\000t\000i\000m\000\040\000C\000a\000c\000h\000e}{section.6}% 23
\BOOKMARK [1][-]{section.7}{\376\377\000T\000\355\000n\000h\000\040\000N\000h\036\245\000t\000\040\000q\000u\000\341\000n\000\040\000C\000a\000c\000h\000e\000\040\000\050\000C\000a\000c\000h\000e\000\040\000C\000o\000h\000e\000r\000e\000n\000c\000e\000\051}{}% 24
\BOOKMARK [2][-]{subsection.7.1}{\376\377\000V\036\245\000n\000\040\001\021\036\301\000\040\000N\000h\036\245\000t\000\040\000q\000u\000\341\000n\000\040\000C\000a\000c\000h\000e}{section.7}% 25
\BOOKMARK [2][-]{subsection.7.2}{\376\377\000G\000i\000a\000o\000\040\000t\000h\036\351\000c\000\040\000S\000n\000o\000o\000p\000i\000n\000g\000\040\000\050\000G\000i\000\341\000m\000\040\000s\000\341\000t\000\051}{section.7}% 26
\BOOKMARK [2][-]{subsection.7.3}{\376\377\000G\000i\000a\000o\000\040\000t\000h\036\351\000c\000\040\000D\000i\000r\000e\000c\000t\000o\000r\000y\000-\000b\000a\000s\000e\000d\000\040\000\050\000D\036\361\000a\000\040\000t\000r\000\352\000n\000\040\000D\000a\000n\000h\000\040\000m\036\345\000c\000\051}{section.7}% 27
\BOOKMARK [2][-]{subsection.7.4}{\376\377\000T\000r\036\241\000n\000g\000\040\000t\000h\000\341\000i\000\040\000M\000E\000S\000I}{section.7}% 28
\BOOKMARK [1][-]{section.8}{\376\377\000K\036\277\000t\000\040\000l\000u\036\255\000n}{}% 29
